<?xml version="1.0" encoding="UTF-8"?>
<!-- Generated by org.testng.reporters.JUnitXMLReporter -->
<testsuite ignored="0" hostname="LAPTOP-KA4KTH0K" failures="0" tests="4" name="Textbox_page" time="35.917" errors="0" timestamp="2023-08-25T23:16:34 IST">
  <testcase classname="tests.Textbox_test" name="clickontextbox" time="0.128"/>
  <testcase classname="tests.Textbox_test" name="clickonfillname" time="0.155"/>
  <testcase classname="tests.Textbox_test" name="fillalldetails" time="1.519"/>
  <testcase classname="tests.Textbox_test" name="submitbutton" time="0.105"/>
</testsuite> <!-- Textbox_page -->
